<?xml version="1.0" encoding="UTF-8"?>
<!-- Generated by org.testng.reporters.JUnitXMLReporter -->
<testsuite hostname="Sumairs-MacBook-Pro.local" ignored="13" name="Smoke Test" tests="3" failures="2" timestamp="2020-01-14T20:35:25 EST" time="12.429" errors="0">
  <testcase name="logoAndLogin" time="2.195" classname="com.class2.SoftAssertionDemo">
    <failure type="java.lang.AssertionError" message="The following asserts failed:
	Logo is NOT displayed did not expect to find [true] but found [false]">
      <![CDATA[java.lang.AssertionError: The following asserts failed:
Logo is NOT displayed did not expect to find [true] but found [false]
at com.class2.SoftAssertionDemo.logoAndLogin(SoftAssertionDemo.java:42)
at java.util.ArrayList.forEach(ArrayList.java:1257)
... Removed 29 stack frames]]>
    </failure>
  </testcase> <!-- logoAndLogin -->
  <testcase name="titleValidation" time="0.006" classname="com.class2.AssertionsDemo">
    <failure type="java.lang.AssertionError" message="Titles are NOT matched expected [Human Management Systems] but found [Human Management System]">
      <![CDATA[java.lang.AssertionError: Titles are NOT matched expected [Human Management Systems] but found [Human Management System]
at com.class2.AssertionsDemo.titleValidation(AssertionsDemo.java:23)
at java.util.ArrayList.forEach(ArrayList.java:1257)
... Removed 31 stack frames]]>
    </failure>
  </testcase> <!-- titleValidation -->
  <testcase name="validLogin" time="1.924" classname="com.class1.TitleLogoAndLoginVerification"/>
  <testcase name="testTwo" time="0.0" classname="com.class1.TestNGDemo">
    <ignored/>
  </testcase> <!-- testTwo -->
  <testcase name="testOne" time="0.0" classname="com.class1.TestNGDemo">
    <ignored/>
  </testcase> <!-- testOne -->
  <testcase name="testThree" time="0.0" classname="com.class1.TestNGDemo">
    <ignored/>
  </testcase> <!-- testThree -->
  <testcase name="testZ9" time="0.0" classname="com.class1.TaskTwo">
    <ignored/>
  </testcase> <!-- testZ9 -->
  <testcase name="logoValidation" time="0.0" classname="com.class1.TitleLogoAndLoginVerification">
    <ignored/>
  </testcase> <!-- logoValidation -->
  <testcase name="testMethod1" time="0.0" classname="com.class3.AlwaysRun">
    <ignored/>
  </testcase> <!-- testMethod1 -->
  <testcase name="titleValidation" time="0.0" classname="com.class1.TitleLogoAndLoginVerification">
    <ignored/>
  </testcase> <!-- titleValidation -->
  <testcase name="validationOfLogo" time="0.0" classname="com.class2.HW">
    <ignored/>
  </testcase> <!-- validationOfLogo -->
  <testcase name="test" time="0.0" classname="com.class1.DifferentAnnotations">
    <ignored/>
  </testcase> <!-- test -->
  <testcase name="validationOfMessage" time="0.0" classname="com.class2.HW">
    <ignored/>
  </testcase> <!-- validationOfMessage -->
  <testcase name="testMethod" time="0.0" classname="com.class3.AlwaysRun">
    <ignored/>
  </testcase> <!-- testMethod -->
  <testcase name="testA1" time="0.0" classname="com.class1.TaskTwo">
    <ignored/>
  </testcase> <!-- testA1 -->
  <testcase name="logoValidation" time="0.0" classname="com.class2.AssertionsDemo">
    <ignored/>
  </testcase> <!-- logoValidation -->
</testsuite> <!-- Smoke Test -->
